<?xml version="1.0" encoding="utf-8" ?>
<!DOCTYPE html PUBLIC "-//W3C//DTD XHTML 1.0 Strict//EN"
        "http://www.w3.org/TR/xhtml1/DTD/xhtml1-strict.dtd">
<html xmlns="http://www.w3.org/1999/xhtml" xml:lang="" lang="">
<head>
  <title>Test Results Report - All Tests</title>
  <meta http-equiv="Content-Type" content="text/html;charset=utf-8" />
  <meta name="description" content="TestNG unit test results." />
  <link href="reportng.css" rel="stylesheet" type="text/css" />
    <script type="text/javascript" src="reportng.js"></script>
</head>
<body>
<h1>All Tests</h1>
<p>
  Test duration: 127.746s
</p>



  <table class="resultsTable">
    <tr><th colspan="3" class="header failed">Failed Tests</th></tr>
          <tr>
        <td colspan="3" class="group">testsuite.com.tutorialsninja.ComputerPageTest</td>
      </tr>
            
<tr>
  <td class="method">
                  verifyThatUserShouldBuildYouOwnComputerAndAddThemToCartSuccessfully
      </td>
  <td class="duration">
    22.057s
  </td>
  <td class="result">
        
          <i>Method arguments: </i><span class="arguments">"2.5 GHz Intel Pentium Dual-Core E2200 [+$15.00]", "8GB [+$60.00]", "320 GB", "Ubuntu", "Total Commander [+$5.00]"</span><br />
    
            <div class="testOutput">
                        Cliking on computer tab[[ChromeDriver: chrome on windows (4394ef954cb7c996f14505962138aba9)] -> xpath: (//a[normalize-space()='Computers'])[1]]
                                Clicking on desktop link
                                Click to see screenshot
                                <a target = "_blank" href=C:\Users\prash\intellij1\tricentis-sw-5/test-output/html/verifyThatUserShouldBuildYouOwnComputerAndAddThemToCartSuccessfullyTue_Dec_10_12_39_53_GMT_2024.jpg>Screenshot</a>
                                <br>
                                <br>
                                <a target = "_blank" href=C:\Users\prash\intellij1\tricentis-sw-5/test-output/html/verifyThatUserShouldBuildYouOwnComputerAndAddThemToCartSuccessfullyTue_Dec_10_12_39_53_GMT_2024.jpg><img src=C:\Users\prash\intellij1\tricentis-sw-5/test-output/html/verifyThatUserShouldBuildYouOwnComputerAndAddThemToCartSuccessfullyTue_Dec_10_12_39_53_GMT_2024.jpg height=200 width=200></img></a>
                  </div>
    

        <a href="javascript:toggleElement('exception-0', 'block')" title="Click to expand/collapse"><b>org.openqa.selenium.NoSuchElementException: Cannot locate option with text: 2.5 GHz Intel Pentium Dual-Core E2200 [+$15.00]<br/>
For documentation on this error, please visit: https://www.selenium.dev/documentation/webdriver/troubleshooting/errors#no-such-element-exception<br/>
Build info: version: &apos;4.26.0&apos;, revision: &apos;8ccf0219d7&apos;<br/>
System info: os.name: &apos;Windows 11&apos;, os.arch: &apos;amd64&apos;, os.version: &apos;10.0&apos;, java.version: &apos;17.0.8&apos;<br/>
Driver info: driver.version: unknown</b></a><br />
    <div class="stackTrace" id="exception-0">
              org.openqa.selenium.support.ui.Select.selectByVisibleText(Select.java:153)<br />
              pages.com.tutorialsninja.BuildYourOwnComputerPage.selectProcessor(BuildYourOwnComputerPage.java:50)<br />
              testsuite.com.tutorialsninja.ComputerPageTest.verifyThatUserShouldBuildYouOwnComputerAndAddThemToCartSuccessfully(ComputerPageTest.java:56)<br />
              java.base/jdk.internal.reflect.NativeMethodAccessorImpl.invoke0(Native Method)<br />
              java.base/jdk.internal.reflect.NativeMethodAccessorImpl.invoke(NativeMethodAccessorImpl.java:77)<br />
              java.base/jdk.internal.reflect.DelegatingMethodAccessorImpl.invoke(DelegatingMethodAccessorImpl.java:43)<br />
              java.base/java.lang.reflect.Method.invoke(Method.java:568)<br />
              org.testng.internal.invokers.MethodInvocationHelper.invokeMethod(MethodInvocationHelper.java:141)<br />
              org.testng.internal.invokers.TestInvoker.invokeMethod(TestInvoker.java:686)<br />
              org.testng.internal.invokers.TestInvoker.invokeTestMethod(TestInvoker.java:230)<br />
              org.testng.internal.invokers.MethodRunner.runInSequence(MethodRunner.java:63)<br />
              org.testng.internal.invokers.TestInvoker$MethodInvocationAgent.invoke(TestInvoker.java:992)<br />
              org.testng.internal.invokers.TestInvoker.invokeTestMethods(TestInvoker.java:203)<br />
              org.testng.internal.invokers.TestMethodWorker.invokeTestMethods(TestMethodWorker.java:154)<br />
              org.testng.internal.invokers.TestMethodWorker.run(TestMethodWorker.java:134)<br />
              java.base/java.util.ArrayList.forEach(ArrayList.java:1511)<br />
              org.testng.TestRunner.privateRun(TestRunner.java:739)<br />
              org.testng.TestRunner.run(TestRunner.java:614)<br />
              org.testng.SuiteRunner.runTest(SuiteRunner.java:421)<br />
              org.testng.SuiteRunner.runSequentially(SuiteRunner.java:413)<br />
              org.testng.SuiteRunner.privateRun(SuiteRunner.java:373)<br />
              org.testng.SuiteRunner.run(SuiteRunner.java:312)<br />
              org.testng.SuiteRunnerWorker.runSuite(SuiteRunnerWorker.java:52)<br />
              org.testng.SuiteRunnerWorker.run(SuiteRunnerWorker.java:95)<br />
              org.testng.TestNG.runSuitesSequentially(TestNG.java:1274)<br />
              org.testng.TestNG.runSuitesLocally(TestNG.java:1208)<br />
              org.testng.TestNG.runSuites(TestNG.java:1112)<br />
              org.testng.TestNG.run(TestNG.java:1079)<br />
              com.intellij.rt.testng.IDEARemoteTestNG.run(IDEARemoteTestNG.java:65)<br />
              com.intellij.rt.testng.RemoteTestNGStarter.main(RemoteTestNGStarter.java:105)<br />
                </div>
      </td>
</tr>
<tr>
  <td class="method">
                  verifyThatUserShouldBuildYouOwnComputerAndAddThemToCartSuccessfully
      </td>
  <td class="duration">
    21.754s
  </td>
  <td class="result">
        
          <i>Method arguments: </i><span class="arguments">"2.5 GHz Intel Pentium Dual-Core E2200 [+$15.00]", "4GB [+$20.00]", "400 GB [+$100.00]", "Windows 10 [+60.00]", "Acrobat Reader [+$10.00]"</span><br />
    
            <div class="testOutput">
                        Cliking on computer tab[[ChromeDriver: chrome on windows (3819612a8da0c6c4d0df4fbe919d693a)] -> xpath: (//a[normalize-space()='Computers'])[1]]
                                Clicking on desktop link
                                Click to see screenshot
                                <a target = "_blank" href=C:\Users\prash\intellij1\tricentis-sw-5/test-output/html/verifyThatUserShouldBuildYouOwnComputerAndAddThemToCartSuccessfullyTue_Dec_10_12_39_28_GMT_2024.jpg>Screenshot</a>
                                <br>
                                <br>
                                <a target = "_blank" href=C:\Users\prash\intellij1\tricentis-sw-5/test-output/html/verifyThatUserShouldBuildYouOwnComputerAndAddThemToCartSuccessfullyTue_Dec_10_12_39_28_GMT_2024.jpg><img src=C:\Users\prash\intellij1\tricentis-sw-5/test-output/html/verifyThatUserShouldBuildYouOwnComputerAndAddThemToCartSuccessfullyTue_Dec_10_12_39_28_GMT_2024.jpg height=200 width=200></img></a>
                  </div>
    

        <a href="javascript:toggleElement('exception-1', 'block')" title="Click to expand/collapse"><b>org.openqa.selenium.NoSuchElementException: Cannot locate option with text: 2.5 GHz Intel Pentium Dual-Core E2200 [+$15.00]<br/>
For documentation on this error, please visit: https://www.selenium.dev/documentation/webdriver/troubleshooting/errors#no-such-element-exception<br/>
Build info: version: &apos;4.26.0&apos;, revision: &apos;8ccf0219d7&apos;<br/>
System info: os.name: &apos;Windows 11&apos;, os.arch: &apos;amd64&apos;, os.version: &apos;10.0&apos;, java.version: &apos;17.0.8&apos;<br/>
Driver info: driver.version: unknown</b></a><br />
    <div class="stackTrace" id="exception-1">
              org.openqa.selenium.support.ui.Select.selectByVisibleText(Select.java:153)<br />
              pages.com.tutorialsninja.BuildYourOwnComputerPage.selectProcessor(BuildYourOwnComputerPage.java:50)<br />
              testsuite.com.tutorialsninja.ComputerPageTest.verifyThatUserShouldBuildYouOwnComputerAndAddThemToCartSuccessfully(ComputerPageTest.java:56)<br />
              java.base/jdk.internal.reflect.NativeMethodAccessorImpl.invoke0(Native Method)<br />
              java.base/jdk.internal.reflect.NativeMethodAccessorImpl.invoke(NativeMethodAccessorImpl.java:77)<br />
              java.base/jdk.internal.reflect.DelegatingMethodAccessorImpl.invoke(DelegatingMethodAccessorImpl.java:43)<br />
              java.base/java.lang.reflect.Method.invoke(Method.java:568)<br />
              org.testng.internal.invokers.MethodInvocationHelper.invokeMethod(MethodInvocationHelper.java:141)<br />
              org.testng.internal.invokers.TestInvoker.invokeMethod(TestInvoker.java:686)<br />
              org.testng.internal.invokers.TestInvoker.invokeTestMethod(TestInvoker.java:230)<br />
              org.testng.internal.invokers.MethodRunner.runInSequence(MethodRunner.java:63)<br />
              org.testng.internal.invokers.TestInvoker$MethodInvocationAgent.invoke(TestInvoker.java:992)<br />
              org.testng.internal.invokers.TestInvoker.invokeTestMethods(TestInvoker.java:203)<br />
              org.testng.internal.invokers.TestMethodWorker.invokeTestMethods(TestMethodWorker.java:154)<br />
              org.testng.internal.invokers.TestMethodWorker.run(TestMethodWorker.java:134)<br />
              java.base/java.util.ArrayList.forEach(ArrayList.java:1511)<br />
              org.testng.TestRunner.privateRun(TestRunner.java:739)<br />
              org.testng.TestRunner.run(TestRunner.java:614)<br />
              org.testng.SuiteRunner.runTest(SuiteRunner.java:421)<br />
              org.testng.SuiteRunner.runSequentially(SuiteRunner.java:413)<br />
              org.testng.SuiteRunner.privateRun(SuiteRunner.java:373)<br />
              org.testng.SuiteRunner.run(SuiteRunner.java:312)<br />
              org.testng.SuiteRunnerWorker.runSuite(SuiteRunnerWorker.java:52)<br />
              org.testng.SuiteRunnerWorker.run(SuiteRunnerWorker.java:95)<br />
              org.testng.TestNG.runSuitesSequentially(TestNG.java:1274)<br />
              org.testng.TestNG.runSuitesLocally(TestNG.java:1208)<br />
              org.testng.TestNG.runSuites(TestNG.java:1112)<br />
              org.testng.TestNG.run(TestNG.java:1079)<br />
              com.intellij.rt.testng.IDEARemoteTestNG.run(IDEARemoteTestNG.java:65)<br />
              com.intellij.rt.testng.RemoteTestNGStarter.main(RemoteTestNGStarter.java:105)<br />
                </div>
      </td>
</tr>
          <tr>
        <td colspan="3" class="group">testsuite.com.tutorialsninja.RegisterPageTest</td>
      </tr>
            
<tr>
  <td class="method">
                  verifyThatUserShouldCreateAccountSuccessfully
      </td>
  <td class="duration">
    41.769s
  </td>
  <td class="result">
        
    
            <div class="testOutput">
                        Cliking on register link[[ChromeDriver: chrome on windows (5eac9b4ae37ca1d63c8280435c51a94d)] -> link text: Register]
                                Selecting gender
                                entering first name [[ChromeDriver: chrome on windows (5eac9b4ae37ca1d63c8280435c51a94d)] -> id: FirstName]
                                entering last name [[ChromeDriver: chrome on windows (5eac9b4ae37ca1d63c8280435c51a94d)] -> id: LastName]
                                entering email id [[ChromeDriver: chrome on windows (5eac9b4ae37ca1d63c8280435c51a94d)] -> id: Email]
                                entering password [[ChromeDriver: chrome on windows (5eac9b4ae37ca1d63c8280435c51a94d)] -> id: Password]
                                entering confirm password Pp123456
                                Clicking on registration button[[ChromeDriver: chrome on windows (5eac9b4ae37ca1d63c8280435c51a94d)] -> id: register-button]
                                Getting registration successful message Proxy element for: DefaultElementLocator 'By.cssSelector: div.result'
                                Click to see screenshot
                                <a target = "_blank" href=C:\Users\prash\intellij1\tricentis-sw-5/test-output/html/verifyThatUserShouldCreateAccountSuccessfullyTue_Dec_10_12_38_55_GMT_2024.jpg>Screenshot</a>
                                <br>
                                <br>
                                <a target = "_blank" href=C:\Users\prash\intellij1\tricentis-sw-5/test-output/html/verifyThatUserShouldCreateAccountSuccessfullyTue_Dec_10_12_38_55_GMT_2024.jpg><img src=C:\Users\prash\intellij1\tricentis-sw-5/test-output/html/verifyThatUserShouldCreateAccountSuccessfullyTue_Dec_10_12_38_55_GMT_2024.jpg height=200 width=200></img></a>
                  </div>
    

        <a href="javascript:toggleElement('exception-2', 'block')" title="Click to expand/collapse"><b>org.openqa.selenium.NoSuchElementException: no such element: Unable to locate element: {&quot;method&quot;:&quot;css selector&quot;,&quot;selector&quot;:&quot;div.result&quot;}<br/>
&nbsp; (Session info: chrome=131.0.6778.109)<br/>
For documentation on this error, please visit: https://www.selenium.dev/documentation/webdriver/troubleshooting/errors#no-such-element-exception<br/>
Build info: version: &apos;4.26.0&apos;, revision: &apos;8ccf0219d7&apos;<br/>
System info: os.name: &apos;Windows 11&apos;, os.arch: &apos;amd64&apos;, os.version: &apos;10.0&apos;, java.version: &apos;17.0.8&apos;<br/>
Driver info: org.openqa.selenium.chrome.ChromeDriver<br/>
Command: [5eac9b4ae37ca1d63c8280435c51a94d, findElement {using=css selector, value=div.result}]<br/>
Capabilities {acceptInsecureCerts: false, browserName: chrome, browserVersion: 131.0.6778.109, chrome: {chromedriverVersion: 131.0.6778.87 (ce31cae94873..., userDataDir: C:\Users\prash\AppData\Loca...}, fedcm:accounts: true, goog:chromeOptions: {debuggerAddress: localhost:58125}, networkConnectionEnabled: false, pageLoadStrategy: normal, platformName: windows, proxy: Proxy(), se:cdp: ws://localhost:58125/devtoo..., se:cdpVersion: 131.0.6778.109, setWindowRect: true, strictFileInteractability: false, timeouts: {implicit: 0, pageLoad: 300000, script: 30000}, unhandledPromptBehavior: dismiss and notify, webauthn:extension:credBlob: true, webauthn:extension:largeBlob: true, webauthn:extension:minPinLength: true, webauthn:extension:prf: true, webauthn:virtualAuthenticators: true}<br/>
Session ID: 5eac9b4ae37ca1d63c8280435c51a94d</b></a><br />
    <div class="stackTrace" id="exception-2">
              java.base/jdk.internal.reflect.NativeConstructorAccessorImpl.newInstance0(Native Method)<br />
              java.base/jdk.internal.reflect.NativeConstructorAccessorImpl.newInstance(NativeConstructorAccessorImpl.java:77)<br />
              java.base/jdk.internal.reflect.DelegatingConstructorAccessorImpl.newInstance(DelegatingConstructorAccessorImpl.java:45)<br />
              java.base/java.lang.reflect.Constructor.newInstanceWithCaller(Constructor.java:499)<br />
              java.base/java.lang.reflect.Constructor.newInstance(Constructor.java:480)<br />
              org.openqa.selenium.remote.ErrorCodec.decode(ErrorCodec.java:167)<br />
              org.openqa.selenium.remote.codec.w3c.W3CHttpResponseCodec.decode(W3CHttpResponseCodec.java:138)<br />
              org.openqa.selenium.remote.codec.w3c.W3CHttpResponseCodec.decode(W3CHttpResponseCodec.java:50)<br />
              org.openqa.selenium.remote.HttpCommandExecutor.execute(HttpCommandExecutor.java:190)<br />
              org.openqa.selenium.remote.service.DriverCommandExecutor.invokeExecute(DriverCommandExecutor.java:216)<br />
              org.openqa.selenium.remote.service.DriverCommandExecutor.execute(DriverCommandExecutor.java:174)<br />
              org.openqa.selenium.remote.RemoteWebDriver.execute(RemoteWebDriver.java:545)<br />
              org.openqa.selenium.remote.ElementLocation$ElementFinder$2.findElement(ElementLocation.java:165)<br />
              org.openqa.selenium.remote.ElementLocation.findElement(ElementLocation.java:59)<br />
              org.openqa.selenium.remote.RemoteWebDriver.findElement(RemoteWebDriver.java:368)<br />
              org.openqa.selenium.remote.RemoteWebDriver.findElement(RemoteWebDriver.java:362)<br />
              org.openqa.selenium.support.pagefactory.DefaultElementLocator.findElement(DefaultElementLocator.java:68)<br />
              org.openqa.selenium.support.pagefactory.internal.LocatingElementHandler.invoke(LocatingElementHandler.java:38)<br />
              jdk.proxy2/jdk.proxy2.$Proxy16.getText(Unknown Source)<br />
              pages.com.tutorialsninja.RegisterPage.getRegistrationSuccessMessage(RegisterPage.java:120)<br />
              testsuite.com.tutorialsninja.RegisterPageTest.verifyThatUserShouldCreateAccountSuccessfully(RegisterPageTest.java:56)<br />
              java.base/jdk.internal.reflect.NativeMethodAccessorImpl.invoke0(Native Method)<br />
              java.base/jdk.internal.reflect.NativeMethodAccessorImpl.invoke(NativeMethodAccessorImpl.java:77)<br />
              java.base/jdk.internal.reflect.DelegatingMethodAccessorImpl.invoke(DelegatingMethodAccessorImpl.java:43)<br />
              java.base/java.lang.reflect.Method.invoke(Method.java:568)<br />
              org.testng.internal.invokers.MethodInvocationHelper.invokeMethod(MethodInvocationHelper.java:141)<br />
              org.testng.internal.invokers.TestInvoker.invokeMethod(TestInvoker.java:686)<br />
              org.testng.internal.invokers.TestInvoker.invokeTestMethod(TestInvoker.java:230)<br />
              org.testng.internal.invokers.MethodRunner.runInSequence(MethodRunner.java:63)<br />
              org.testng.internal.invokers.TestInvoker$MethodInvocationAgent.invoke(TestInvoker.java:992)<br />
              org.testng.internal.invokers.TestInvoker.invokeTestMethods(TestInvoker.java:203)<br />
              org.testng.internal.invokers.TestMethodWorker.invokeTestMethods(TestMethodWorker.java:154)<br />
              org.testng.internal.invokers.TestMethodWorker.run(TestMethodWorker.java:134)<br />
              java.base/java.util.ArrayList.forEach(ArrayList.java:1511)<br />
              org.testng.TestRunner.privateRun(TestRunner.java:739)<br />
              org.testng.TestRunner.run(TestRunner.java:614)<br />
              org.testng.SuiteRunner.runTest(SuiteRunner.java:421)<br />
              org.testng.SuiteRunner.runSequentially(SuiteRunner.java:413)<br />
              org.testng.SuiteRunner.privateRun(SuiteRunner.java:373)<br />
              org.testng.SuiteRunner.run(SuiteRunner.java:312)<br />
              org.testng.SuiteRunnerWorker.runSuite(SuiteRunnerWorker.java:52)<br />
              org.testng.SuiteRunnerWorker.run(SuiteRunnerWorker.java:95)<br />
              org.testng.TestNG.runSuitesSequentially(TestNG.java:1274)<br />
              org.testng.TestNG.runSuitesLocally(TestNG.java:1208)<br />
              org.testng.TestNG.runSuites(TestNG.java:1112)<br />
              org.testng.TestNG.run(TestNG.java:1079)<br />
              com.intellij.rt.testng.IDEARemoteTestNG.run(IDEARemoteTestNG.java:65)<br />
              com.intellij.rt.testng.RemoteTestNGStarter.main(RemoteTestNGStarter.java:105)<br />
                </div>
      </td>
</tr>
      </table>


  <table class="resultsTable">
    <tr><th colspan="3" class="header passed">Passed Tests</th></tr>
          <tr>
        <td colspan="3" class="group">testsuite.com.tutorialsninja.ComputerPageTest</td>
      </tr>
            
<tr>
  <td class="method">
                  verifyThatUserShouldBuildYouOwnComputerAndAddThemToCartSuccessfully
      </td>
  <td class="duration">
    2.756s
  </td>
  <td class="result">
        
          <i>Method arguments: </i><span class="arguments">"2.2 GHz Intel Pentium Dual-Core E2200", "2 GB", "320 GB", "Windows 7 [+50.00]", "Microsoft Office [+$50.00]"</span><br />
    
            <div class="testOutput">
                        Cliking on computer tab[[ChromeDriver: chrome on windows (db9ea62647e290d411728977a5ad30d3)] -> xpath: (//a[normalize-space()='Computers'])[1]]
                                Clicking on desktop link
                                Dropdown for select processor[[ChromeDriver: chrome on windows (db9ea62647e290d411728977a5ad30d3)] -> css selector: #product_attribute_16_5_4]
                                Dropdown for select ram[[ChromeDriver: chrome on windows (db9ea62647e290d411728977a5ad30d3)] -> id: product_attribute_16_6_5]
                                Selecting HDD
                                Selecting OS
                                Selecting softwares
                                Clicking on add to card button
                                Getting card adding message
                  </div>
    

      </td>
</tr>
<tr>
  <td class="method">
                  verifyUserShouldNavigateToComputerPageSuccessfully
      </td>
  <td class="duration">
    0.528s
  </td>
  <td class="result">
        
    
            <div class="testOutput">
                        Cliking on computer tab[[ChromeDriver: chrome on windows (ca9850ce4f77bb0c11d526ca8fea7e94)] -> xpath: (//a[normalize-space()='Computers'])[1]]
                                Getting computer text[[ChromeDriver: chrome on windows (ca9850ce4f77bb0c11d526ca8fea7e94)] -> css selector: h1]
                  </div>
    

      </td>
</tr>
<tr>
  <td class="method">
                  verifyUserShouldNavigateToDesktopsPageSuccessfully
      </td>
  <td class="duration">
    1.007s
  </td>
  <td class="result">
        
    
            <div class="testOutput">
                        Cliking on computer tab[[ChromeDriver: chrome on windows (5c2e99cc3302232f45a3de67711ae0a8)] -> xpath: (//a[normalize-space()='Computers'])[1]]
                                Clicking on desktop link
                                Getting desktop text[[ChromeDriver: chrome on windows (5c2e99cc3302232f45a3de67711ae0a8)] -> css selector: h1]
                  </div>
    

      </td>
</tr>
          <tr>
        <td colspan="3" class="group">testsuite.com.tutorialsninja.LoginPageTest</td>
      </tr>
            
<tr>
  <td class="method">
                  userShouldNavigateToLoginPageSuccessFully
      </td>
  <td class="duration">
    0.489s
  </td>
  <td class="result">
        
    
            <div class="testOutput">
                        Clicking on login link
                                Getting welcome login message
                  </div>
    

      </td>
</tr>
<tr>
  <td class="method">
                  verifyThatUserShouldLogInSuccessFullyWithValidCredentials
      </td>
  <td class="duration">
    1.397s
  </td>
  <td class="result">
        
    
            <div class="testOutput">
                        Cliking on login link[[ChromeDriver: chrome on windows (5ad7c022a79c4c235cd3cc856f1abcb6)] -> link text: Log in]
                                enter email prashant999@gmail.comto email field[[ChromeDriver: chrome on windows (5ad7c022a79c4c235cd3cc856f1abcb6)] -> id: Email]
                                enter password Pk123456to password field[[ChromeDriver: chrome on windows (5ad7c022a79c4c235cd3cc856f1abcb6)] -> id: Password]
                                Clicking on login button
                                Getting welcome text
                  </div>
    

      </td>
</tr>
<tr>
  <td class="method">
                  verifyThatUserShouldLogOutSuccessFully
      </td>
  <td class="duration">
    2.146s
  </td>
  <td class="result">
        
    
            <div class="testOutput">
                        Clicking on login link
                                enter email prashant999@gmail.comto email field[[ChromeDriver: chrome on windows (0ecb8a4bf2b12e4efc1dcbcf1775395e)] -> id: Email]
                                enter password Pk123456to password field[[ChromeDriver: chrome on windows (0ecb8a4bf2b12e4efc1dcbcf1775395e)] -> id: Password]
                                Clicking on login button
                                Clicking on logout 
                  </div>
    

      </td>
</tr>
<tr>
  <td class="method">
                  verifyTheErrorMessageWithInValidCredentials
      </td>
  <td class="duration">
    0.896s
  </td>
  <td class="result">
        
    
            <div class="testOutput">
                        Cliking on login link[[ChromeDriver: chrome on windows (374f297585ec39d6524d6112160a5838)] -> link text: Log in]
                                enter email prime@gmail.comto email field[[ChromeDriver: chrome on windows (374f297585ec39d6524d6112160a5838)] -> id: Email]
                                enter password prime123to password field[[ChromeDriver: chrome on windows (374f297585ec39d6524d6112160a5838)] -> id: Password]
                                Clicking on login button
                                Getting error message[[ChromeDriver: chrome on windows (374f297585ec39d6524d6112160a5838)] -> xpath: //span[contains(text(),'Login was unsuccessful. Please correct the errors ')]]
                  </div>
    

      </td>
</tr>
          <tr>
        <td colspan="3" class="group">testsuite.com.tutorialsninja.RegisterPageTest</td>
      </tr>
            
<tr>
  <td class="method">
                  verifyThatFirstNameLastNameEmailPasswordAndConfirmPasswordFieldsAreMandatory
      </td>
  <td class="duration">
    0.756s
  </td>
  <td class="result">
        
    
            <div class="testOutput">
                        Cliking on register link[[ChromeDriver: chrome on windows (c4a0f5cbb9dfb9a28c5039d0afa86494)] -> link text: Register]
                                Clicking on registration button[[ChromeDriver: chrome on windows (c4a0f5cbb9dfb9a28c5039d0afa86494)] -> id: register-button]
                                Getting first name error[[ChromeDriver: chrome on windows (c4a0f5cbb9dfb9a28c5039d0afa86494)] -> xpath: //span[@for='FirstName']]
                                Getting last name error[[ChromeDriver: chrome on windows (c4a0f5cbb9dfb9a28c5039d0afa86494)] -> xpath: //span[@for='LastName']]
                                Getting email id error[[ChromeDriver: chrome on windows (c4a0f5cbb9dfb9a28c5039d0afa86494)] -> xpath: //span[@for='Email']]
                                Getting password error[[ChromeDriver: chrome on windows (c4a0f5cbb9dfb9a28c5039d0afa86494)] -> xpath: //span[@for='Password']]
                                Getting confirm password error[[ChromeDriver: chrome on windows (c4a0f5cbb9dfb9a28c5039d0afa86494)] -> xpath: //span[@for='ConfirmPassword']]
                  </div>
    

      </td>
</tr>
<tr>
  <td class="method">
                  verifyUserShouldNavigateToRegisterPageSuccessfully
      </td>
  <td class="duration">
    0.410s
  </td>
  <td class="result">
        
    
            <div class="testOutput">
                        Cliking on register link[[ChromeDriver: chrome on windows (b3e7e2ae0142c83103151e5620aa1072)] -> link text: Register]
                                Getting registration text
                  </div>
    

      </td>
</tr>
      </table>
  
</body>
</html>
